<?xml version="1.0" encoding="UTF-8"?>
<!-- Generated by org.testng.reporters.JUnitReportReporter -->
<testsuite skipped="0" hostname="DESKTOP-Q1R03KU" name="org.mainclass.Mainclass" tests="1" failures="0" timestamp="30 Nov 2021 07:17:49 GMT" time="40.373" errors="0">
  <testcase name="test" time="40.373" classname="org.mainclass.Mainclass"/>
</testsuite> <!-- org.mainclass.Mainclass -->
